<?xml version="1.0" encoding="UTF-8"?>
<!-- Generated by org.testng.reporters.JUnitReportReporter -->
<testsuite hostname="C02ZM17KLVDV" failures="0" tests="1" name="com.yahoo.example.docproc.MainAppTest" time="0.008" errors="0" timestamp="2024-12-13T10:56:50 PST" skipped="0">
  <testcase classname="com.yahoo.example.docproc.MainAppTest" name="testComputeHistogram" time="0.008"/>
</testsuite> <!-- com.yahoo.example.docproc.MainAppTest -->
